INFO  08:26:03 Application started. Press Ctrl+C to shut down.
INFO  08:26:03 Hosting environment: Development
INFO  08:26:03 Content root path: C:\Users\DHISHA\CognizantHotelBookingManagement\HotelBookingMicroservice
INFO  08:27:09 Application started. Press Ctrl+C to shut down.
INFO  08:27:09 Hosting environment: Development
INFO  08:27:09 Content root path: C:\Users\DHISHA\CognizantHotelBookingManagement\HotelBookingMicroservice
INFO  08:42:37 Application started. Press Ctrl+C to shut down.
INFO  08:42:38 Hosting environment: Development
INFO  08:42:38 Content root path: C:\Users\DHISHA\CognizantHotelBookingManagement\HotelBookingMicroservice
INFO  09:00:27 GetBookings Method Called
INFO  09:02:57 GetBookings Method Called
INFO  09:03:50 GetBookings Method Called
INFO  09:09:05 GetBookings Method Called
INFO  10:40:32 GetBookings Method Called
INFO  05:10:12 GetBookings Method Called
INFO  05:10:52 GetBookings Method Called
INFO  05:10:56 GetBookings Method Called
INFO  05:11:02 GetBookings Method Called
INFO  05:11:06 GetBookings Method Called
INFO  05:11:20 GetBookings Method Called
INFO  05:12:27 GetBookings Method Called
INFO  05:12:35 PostBooking Method Called
INFO  05:12:36 GetBookings Method Called
INFO  09:27:26 GetBooking Method Called
INFO  09:49:00 GetBookings Method Called
INFO  09:57:47 GetBookings Method Called
INFO  09:57:57 GetBooking Method Called
INFO  09:58:14 GetBooking Method Called
INFO  10:09:12 Application started. Press Ctrl+C to shut down.
INFO  10:09:12 Hosting environment: Development
INFO  10:09:12 Content root path: C:\Users\DHISHA\CognizantHotelBookingManagement\HotelBookingMicroservice
INFO  10:12:58 GetBookings Method Called
INFO  10:13:16 GetBookings Method Called
INFO  10:23:39 GetBookings Method Called
